{
  "RSpec": {
    "coverage": {
      "/Users/oliverbates/Projects/Makers/week10/bank-tech-test/spec/bank_account_spec.rb": {
        "lines": [
          null,
          null,
          1,
          null,
          1,
          1,
          null,
          1,
          1,
          1,
          1,
          null,
          null,
          1,
          2,
          null,
          null,
          null,
          1,
          1,
          1,
          1,
          null,
          null,
          1,
          2,
          null,
          null,
          1,
          2,
          null,
          null,
          null
        ]
      },
      "/Users/oliverbates/Projects/Makers/week10/bank-tech-test/lib/bank_account.rb": {
        "lines": [
          null,
          null,
          1,
          null,
          null,
          1,
          1,
          null,
          1,
          9,
          null,
          null,
          1,
          7,
          null,
          7,
          null,
          null,
          1,
          7,
          null,
          6,
          null,
          4,
          null,
          null,
          1,
          null,
          1,
          7,
          null,
          null
        ]
      },
      "/Users/oliverbates/Projects/Makers/week10/bank-tech-test/lib/statement.rb": {
        "lines": [
          null,
          null,
          1,
          null,
          null,
          1,
          1,
          null,
          1,
          8,
          8,
          null,
          null,
          1,
          14,
          14,
          14,
          null,
          null,
          1,
          2,
          2,
          4,
          null,
          null,
          null,
          1,
          null,
          1,
          14,
          null,
          null,
          1,
          14,
          6,
          null,
          8,
          null,
          null,
          null
        ]
      },
      "/Users/oliverbates/Projects/Makers/week10/bank-tech-test/lib/transaction.rb": {
        "lines": [
          null,
          null,
          null,
          1,
          1,
          null,
          1,
          15,
          15,
          15,
          15,
          null,
          null
        ]
      },
      "/Users/oliverbates/Projects/Makers/week10/bank-tech-test/spec/features/deposit_spec.rb": {
        "lines": [
          null,
          null,
          1,
          null,
          1,
          2,
          1,
          1,
          1,
          1,
          1,
          1,
          1,
          null,
          null,
          null
        ]
      },
      "/Users/oliverbates/Projects/Makers/week10/bank-tech-test/spec/features/view_statement_spec.rb": {
        "lines": [
          null,
          null,
          1,
          null,
          1,
          3,
          1,
          2,
          2,
          2,
          null,
          null,
          1,
          1,
          1,
          null,
          null,
          null,
          null,
          null,
          null,
          null,
          1,
          1,
          1,
          1,
          null,
          null
        ]
      },
      "/Users/oliverbates/Projects/Makers/week10/bank-tech-test/spec/features/withdrawal_spec.rb": {
        "lines": [
          null,
          null,
          1,
          null,
          1,
          2,
          1,
          1,
          1,
          1,
          1,
          1,
          1,
          1,
          null,
          null,
          null
        ]
      },
      "/Users/oliverbates/Projects/Makers/week10/bank-tech-test/spec/statement_spec.rb": {
        "lines": [
          null,
          null,
          1,
          null,
          1,
          1,
          null,
          1,
          1,
          1,
          1,
          1,
          null,
          1,
          1,
          1,
          null,
          null,
          1,
          1,
          1,
          1,
          1,
          1,
          null,
          1,
          1,
          1,
          1,
          null,
          null,
          null
        ]
      },
      "/Users/oliverbates/Projects/Makers/week10/bank-tech-test/spec/transaction_spec.rb": {
        "lines": [
          null,
          null,
          1,
          null,
          1,
          1,
          5,
          null,
          1,
          1,
          null,
          null,
          1,
          1,
          null,
          null,
          1,
          1,
          null,
          null,
          1,
          1,
          null,
          null,
          null,
          1,
          3,
          null,
          1,
          1,
          null,
          null,
          1,
          1,
          null,
          null,
          null
        ]
      }
    },
    "timestamp": 1615293123
  }
}
